/home/build/AXIS/src/framework/libraries/profileLib/CBuffer.hpp:63: warning: Compound iviLink::TypeTraits::SFINAE::__two is not documented.
/home/build/AXIS/src/framework/libraries/profileLib/Channel.hpp:51: warning: Member tChannelId (typedef) of namespace iviLink::Channel is not documented.
/home/build/AXIS/src/framework/libraries/profileLib/CBuffer.hpp:121: warning: argument 'CBuffer' of command @param is not found in the argument list of iviLink::CBuffer::CBuffer(CBuffer const &)
/home/build/AXIS/src/framework/libraries/profileLib/CBuffer.hpp:131: warning: return type of member iviLink::CBuffer::operator= is not documented
/home/build/AXIS/src/framework/libraries/profileLib/CBuffer.hpp:310: warning: parameters of member iviLink::CBuffer::read are not (all) documented
/home/build/AXIS/src/framework/libraries/profileLib/CBuffer.hpp:317: warning: parameters of member iviLink::CBuffer::read are not (all) documented
/home/build/AXIS/src/framework/libraries/profileLib/CBuffer.hpp:324: warning: parameters of member iviLink::CBuffer::read are not (all) documented
/home/build/AXIS/src/framework/libraries/profileLib/CBuffer.hpp:331: warning: parameters of member iviLink::CBuffer::read are not (all) documented
/home/build/AXIS/src/framework/libraries/profileLib/CBuffer.hpp:338: warning: parameters of member iviLink::CBuffer::read are not (all) documented
/home/build/AXIS/src/framework/libraries/profileLib/CBuffer.hpp:345: warning: parameters of member iviLink::CBuffer::read are not (all) documented
/home/build/AXIS/src/framework/libraries/profileLib/CBuffer.hpp:296: warning: parameters of member iviLink::CBuffer::read are not (all) documented
/home/build/AXIS/src/framework/libraries/profileLib/CBuffer.hpp:378: warning: argument 'value' of command @param is not found in the argument list of iviLink::CBuffer::read(std::pair< K, V > &val) const
/home/build/AXIS/src/framework/libraries/profileLib/CBuffer.hpp:378: warning: The following parameters of iviLink::CBuffer::read(std::pair< K, V > &val) const are not documented:
  parameter 'val'
/home/build/AXIS/src/framework/libraries/profileLib/CBuffer.hpp:303: warning: parameters of member iviLink::CBuffer::read are not (all) documented
/home/build/AXIS/src/framework/libraries/profileLib/CBuffer.hpp:180: warning: parameters of member iviLink::CBuffer::write are not (all) documented
/home/build/AXIS/src/framework/libraries/profileLib/CBuffer.hpp:148: warning: parameters of member iviLink::CBuffer::write are not (all) documented
/home/build/AXIS/src/framework/libraries/profileLib/CBuffer.hpp:140: warning: parameters of member iviLink::CBuffer::write are not (all) documented
/home/build/AXIS/src/framework/libraries/profileLib/CBuffer.hpp:188: warning: parameters of member iviLink::CBuffer::write are not (all) documented
/home/build/AXIS/src/framework/libraries/profileLib/CBuffer.hpp:196: warning: parameters of member iviLink::CBuffer::write are not (all) documented
/home/build/AXIS/src/framework/libraries/profileLib/CBuffer.hpp:164: warning: parameters of member iviLink::CBuffer::write are not (all) documented
/home/build/AXIS/src/framework/libraries/profileLib/CBuffer.hpp:172: warning: parameters of member iviLink::CBuffer::write are not (all) documented
/home/build/AXIS/src/framework/libraries/profileLib/CBuffer.hpp:156: warning: parameters of member iviLink::CBuffer::write are not (all) documented
/home/build/AXIS/src/framework/libraries/profileLib/Channel.hpp:51: warning: Member tChannelId (typedef) of namespace iviLink::Channel is not documented.
/home/build/AXIS/src/framework/libraries/profileLib/Channel.hpp:137: warning: argument 'buferSize' of command @param is not found in the argument list of iviLink::Channel::sendBuffer(iviLink::Channel::tChannelId channel, void const *pBuffer, UInt32 bufferSize)
/home/build/AXIS/src/framework/libraries/profileLib/Channel.hpp:137: warning: The following parameters of iviLink::Channel::sendBuffer(iviLink::Channel::tChannelId channel, void const *pBuffer, UInt32 bufferSize) are not documented:
  parameter 'bufferSize'
/home/build/AXIS/src/framework/libraries/profileLib/Channel.hpp:90: warning: argument 'channelID' of command @param is not found in the argument list of iviLink::Channel::CChannelHandler::channelDeletedCallback(const iviLink::Channel::tChannelId channelId)
/home/build/AXIS/src/framework/libraries/profileLib/Channel.hpp:90: warning: The following parameters of iviLink::Channel::CChannelHandler::channelDeletedCallback(const iviLink::Channel::tChannelId channelId) are not documented:
  parameter 'channelId'
/home/build/AXIS/src/framework/libraries/profileLib/CBuffer.hpp:62: warning: Member __one (typedef) of class iviLink::TypeTraits::SFINAE is not documented.
/home/build/AXIS/src/framework/libraries/profileLib/CBuffer.hpp:63: warning: Member __arr[2] (variable) of class iviLink::TypeTraits::SFINAE::__two is not documented.
